Dec 15, 2023 12:01:53 AM com.fhdo.logger.BasicLogger info
INFO: Weather Type: SUN
Dec 15, 2023 12:01:53 AM com.fhdo.logger.BasicLogger info
INFO: Car TeslaS assigned to Charging Lot 1
Dec 15, 2023 12:01:53 AM com.fhdo.logger.BasicLogger info
INFO: Charging Lot 1 started charging
Dec 15, 2023 12:01:53 AM com.fhdo.logger.BasicLogger info
INFO: Car Nissan Leaf assigned to Charging Lot 2
Dec 15, 2023 12:01:53 AM com.fhdo.logger.BasicLogger info
INFO: Charging Lot 2 started charging
Dec 15, 2023 12:01:53 AM com.fhdo.logger.BasicLogger info
INFO: Car Toyota1 assigned to Charging Lot 3
Dec 15, 2023 12:01:53 AM com.fhdo.logger.BasicLogger info
INFO: Charging Lot 3 started charging
Dec 15, 2023 12:01:54 AM com.fhdo.logger.BasicLogger info
INFO: Charging Lot 2 will be fininished in 15.0 seconds
Dec 15, 2023 12:01:54 AM com.fhdo.logger.BasicLogger info
INFO: Charging Lot 1 will be fininished in 20.0 seconds
Dec 15, 2023 12:01:54 AM com.fhdo.logger.BasicLogger info
INFO: Charging Lot 3 will be fininished in 35.0 seconds
Dec 15, 2023 12:01:55 AM com.fhdo.logger.BasicLogger info
INFO: Charging Lot 2 will be fininished in 5.0 seconds
Dec 15, 2023 12:01:55 AM com.fhdo.logger.BasicLogger info
INFO: Charging Lot 3 will be fininished in 25.0 seconds
Dec 15, 2023 12:01:55 AM com.fhdo.logger.BasicLogger info
INFO: Charging Lot 1 will be fininished in 10.0 seconds
Dec 15, 2023 12:01:55 AM com.fhdo.logger.BasicLogger info
INFO: Charging Lot 2 finished charging for Car Nissan Leaf
Dec 15, 2023 12:01:55 AM com.fhdo.logger.BasicLogger info
INFO: Charging Lot 1 finished charging for Car TeslaS
Dec 15, 2023 12:01:55 AM com.fhdo.logger.BasicLogger info
INFO: Car Toyota2 assigned to Charging Lot 1
Dec 15, 2023 12:01:55 AM com.fhdo.logger.BasicLogger info
INFO: Charging Lot 1 started charging
Dec 15, 2023 12:01:56 AM com.fhdo.logger.BasicLogger info
INFO: Charging Lot 3 will be fininished in 15.0 seconds
Dec 15, 2023 12:01:56 AM com.fhdo.logger.BasicLogger info
INFO: Charging Lot 1 will be fininished in 40.0 seconds
Dec 15, 2023 12:01:57 AM com.fhdo.logger.BasicLogger info
INFO: Charging Lot 3 will be fininished in 5.0 seconds
Dec 15, 2023 12:01:57 AM com.fhdo.logger.BasicLogger info
INFO: Charging Lot 3 finished charging for Car Toyota1
Dec 15, 2023 12:01:57 AM com.fhdo.logger.BasicLogger info
INFO: Charging Lot 1 will be fininished in 30.0 seconds
Dec 15, 2023 12:01:58 AM com.fhdo.logger.BasicLogger info
INFO: Charging Lot 1 will be fininished in 20.0 seconds
Dec 15, 2023 12:01:59 AM com.fhdo.logger.BasicLogger info
INFO: Charging Lot 1 will be fininished in 10.0 seconds
Dec 15, 2023 12:01:59 AM com.fhdo.logger.BasicLogger info
INFO: Charging Lot 1 finished charging for Car Toyota2
